<?xml version="1.0" encoding="UTF-8"?>
<testsuite xmlns:xsi="http://www.w3.org/2001/XMLSchema-instance" xsi:noNamespaceSchemaLocation="https://maven.apache.org/surefire/maven-surefire-plugin/xsd/surefire-test-report-3.0.xsd" version="3.0" name="live.keane.EmployeeListTest" time="0.131" tests="5" errors="0" skipped="0" failures="0">
  <properties>
[...]
</properties>
  <testcase name="testDeleteEmployeeSuccess" classname="live.keane.EmployeeListTest" time="0.041"/>
  <testcase name="testGetListSize" classname="live.keane.EmployeeListTest" time="0.01"/>
  <testcase name="testDeleteEmployeeFail" classname="live.keane.EmployeeListTest" time="0.008"/>
  <testcase name="testAddEmployeeFail" classname="live.keane.EmployeeListTest" time="0.008"/>
  <testcase name="testAddEmployeeSuccess" classname="live.keane.EmployeeListTest" time="0.012"/>
</testsuite>